INFO:root:start camera
INFO:root:start camera
INFO:root:start camera
INFO:root:start camera
INFO:root:start time-lapse
INFO:root:Difference: 0.0
INFO:root:no difference, wait for 3 seconds
INFO:root:Difference: 0.01591796875
INFO:root:start time-lapse: number of pictures 20  every 0.1 second(s)
INFO:root:Difference: 0.090849609375
INFO:root:start time-lapse: number of pictures 20  every 0.1 second(s)
INFO:root:Difference: 0.018759765625
INFO:root:start time-lapse: number of pictures 20  every 0.1 second(s)
INFO:root:start camera
INFO:root:start time-lapse
INFO:root:Difference: 0.0
INFO:root:no difference, wait for 5 seconds
INFO:root:Difference: 0.187623697917
INFO:root:start time-lapse: number of pictures 5  every 5.0 second(s)
INFO:root:Difference: 0.0641438802083
INFO:root:start time-lapse: number of pictures 5  every 5.0 second(s)
INFO:root:start camera
INFO:root:start time-lapse
INFO:root:Difference: 0.0
INFO:root:no difference, wait for 5 seconds
INFO:root:Difference: 0.192486979167
INFO:root:start time-lapse: number of pictures 5  every 5.0 second(s)
INFO:root:Difference: 0.00839518229167
INFO:root:start time-lapse: number of pictures 5  every 5.0 second(s)
INFO:root:Difference: 0.0150260416667
INFO:root:start time-lapse: number of pictures 5  every 5.0 second(s)
INFO:root:Difference: 0.0103287760417
INFO:root:start time-lapse: number of pictures 5  every 5.0 second(s)
INFO:root:Difference: 0.00787760416667
INFO:root:start time-lapse: number of pictures 5  every 5.0 second(s)
INFO:root:Difference: 0.0107454427083
INFO:root:start time-lapse: number of pictures 5  every 5.0 second(s)
INFO:root:Difference: 0.00150390625
INFO:root:start time-lapse: number of pictures 5  every 5.0 second(s)
INFO:root:Difference: 0.00258463541667
INFO:root:start time-lapse: number of pictures 5  every 5.0 second(s)
INFO:root:Difference: 0.006484375
INFO:root:start time-lapse: number of pictures 5  every 5.0 second(s)
INFO:root:Difference: 0.000485026041667
INFO:root:start time-lapse: number of pictures 5  every 5.0 second(s)
INFO:root:Difference: 0.000100911458333
INFO:root:start time-lapse: number of pictures 5  every 5.0 second(s)
INFO:root:Difference: 0.00107421875
INFO:root:start time-lapse: number of pictures 5  every 5.0 second(s)
INFO:root:Difference: 0.000563151041667
INFO:root:start time-lapse: number of pictures 5  every 5.0 second(s)
INFO:root:Difference: 0.00128255208333
INFO:root:start time-lapse: number of pictures 5  every 5.0 second(s)
INFO:root:Difference: 0.00486328125
INFO:root:start time-lapse: number of pictures 5  every 5.0 second(s)
INFO:root:Difference: 0.00553385416667
INFO:root:start time-lapse: number of pictures 5  every 5.0 second(s)
INFO:root:Difference: 0.000406901041667
INFO:root:start time-lapse: number of pictures 5  every 5.0 second(s)
INFO:root:Difference: 0.000481770833333
INFO:root:start time-lapse: number of pictures 5  every 5.0 second(s)
INFO:root:Difference: 0.06306640625
INFO:root:start time-lapse: number of pictures 5  every 5.0 second(s)
INFO:root:Difference: 0.0188736979167
INFO:root:start time-lapse: number of pictures 5  every 5.0 second(s)
INFO:root:Difference: 0.0
INFO:root:no difference, wait for 5 seconds
INFO:root:Difference: 0.0
INFO:root:no difference, wait for 5 seconds
INFO:root:Difference: 0.0
INFO:root:no difference, wait for 5 seconds
INFO:root:Difference: 0.00162109375
INFO:root:start time-lapse: number of pictures 5  every 5.0 second(s)
INFO:root:Difference: 0.0
INFO:root:no difference, wait for 5 seconds
INFO:root:Difference: 0.000817057291667
INFO:root:start time-lapse: number of pictures 5  every 5.0 second(s)
INFO:root:start camera
INFO:root:start time-lapse
INFO:root:Difference: 0.0
INFO:root:no difference, wait for 5 seconds
INFO:root:start camera
INFO:root:start time-lapse
INFO:root:Difference: 0.0
INFO:root:no difference, wait for 5 seconds
INFO:root:start camera
INFO:root:start time-lapse
INFO:root:Difference: 0.0
INFO:root:no difference, wait for 5 seconds
INFO:root:Difference: 0.29498046875
INFO:root:start time-lapse: number of pictures 5  every 0.2 second(s)
INFO:root:Difference: 0.164059244792
INFO:root:start time-lapse: number of pictures 5  every 0.2 second(s)
INFO:root:Difference: 0.0763997395833
INFO:root:start time-lapse: number of pictures 5  every 0.2 second(s)
INFO:root:Difference: 0.013076171875
INFO:root:start time-lapse: number of pictures 5  every 0.2 second(s)
INFO:root:Difference: 0.0576985677083
INFO:root:start time-lapse: number of pictures 5  every 0.2 second(s)
INFO:root:Difference: 0.0551595052083
INFO:root:start time-lapse: number of pictures 5  every 0.2 second(s)
INFO:root:Difference: 0.064716796875
INFO:root:start time-lapse: number of pictures 5  every 0.2 second(s)
INFO:root:Difference: 0.0510709635417
INFO:root:start time-lapse: number of pictures 5  every 0.2 second(s)
INFO:root:Difference: 0.0575944010417
INFO:root:start time-lapse: number of pictures 5  every 0.2 second(s)
INFO:root:Difference: 0.133802083333
INFO:root:start time-lapse: number of pictures 5  every 0.2 second(s)
INFO:root:Difference: 0.0
INFO:root:no difference, wait for 5 seconds
INFO:root:Difference: 0.0
INFO:root:no difference, wait for 5 seconds
INFO:root:Difference: 0.0
INFO:root:no difference, wait for 5 seconds
INFO:root:Difference: 0.272975260417
INFO:root:start time-lapse: number of pictures 5  every 0.2 second(s)
INFO:root:Difference: 0.0533235677083
INFO:root:start time-lapse: number of pictures 5  every 0.2 second(s)
INFO:root:Difference: 0.0128938802083
INFO:root:start time-lapse: number of pictures 5  every 0.2 second(s)
INFO:root:Difference: 0.0772428385417
INFO:root:start time-lapse: number of pictures 5  every 0.2 second(s)
INFO:root:Difference: 0.043037109375
INFO:root:start time-lapse: number of pictures 5  every 0.2 second(s)
INFO:root:Difference: 0.0
INFO:root:no difference, wait for 5 seconds
INFO:root:Difference: 0.0
INFO:root:no difference, wait for 5 seconds
INFO:root:Difference: 0.0
INFO:root:no difference, wait for 5 seconds
INFO:root:Difference: 0.0
INFO:root:no difference, wait for 5 seconds
INFO:root:Difference: 0.0
INFO:root:no difference, wait for 5 seconds
INFO:root:Difference: 0.0
INFO:root:no difference, wait for 5 seconds
INFO:root:Difference: 0.0
INFO:root:no difference, wait for 5 seconds
INFO:root:Difference: 0.0
INFO:root:no difference, wait for 5 seconds
INFO:root:start camera
INFO:root:start time-lapse
INFO:root:Difference: 0.0
INFO:root:no difference, wait for 5 seconds
INFO:root:start camera
INFO:root:start time-lapse
INFO:root:Difference: 0.0
INFO:root:no difference, wait for 5 seconds
INFO:root:Difference: 0.0962923177083
INFO:root:start time-lapse: number of pictures 5  every 0.2 second(s)
INFO:root:Difference: 0.00240234375
INFO:root:start time-lapse: number of pictures 5  every 0.2 second(s)
INFO:root:Difference: 0.0123893229167
INFO:root:start time-lapse: number of pictures 5  every 0.2 second(s)
INFO:root:Difference: 0.00807942708333
INFO:root:start time-lapse: number of pictures 5  every 0.2 second(s)
INFO:root:Difference: 0.164580078125
INFO:root:start time-lapse: number of pictures 5  every 0.2 second(s)
INFO:root:Difference: 0.00366861979167
INFO:root:start time-lapse: number of pictures 5  every 0.2 second(s)
INFO:root:Difference: 0.00489583333333
INFO:root:start time-lapse: number of pictures 5  every 0.2 second(s)
INFO:root:Difference: 0.0
INFO:root:no difference, wait for 5 seconds
INFO:root:Difference: 0.0
INFO:root:no difference, wait for 5 seconds
INFO:root:Difference: 0.0912272135417
INFO:root:start time-lapse: number of pictures 5  every 0.2 second(s)
INFO:root:Difference: 0.00134114583333
INFO:root:start time-lapse: number of pictures 5  every 0.2 second(s)
INFO:root:Difference: 0.0212890625
INFO:root:start time-lapse: number of pictures 5  every 0.2 second(s)
INFO:root:Difference: 0.0142740885417
INFO:root:start time-lapse: number of pictures 5  every 0.2 second(s)
INFO:root:Difference: 0.000520833333333
INFO:root:start time-lapse: number of pictures 5  every 0.2 second(s)
INFO:root:Difference: 0.005615234375
INFO:root:start time-lapse: number of pictures 5  every 0.2 second(s)
INFO:root:Difference: 0.002216796875
INFO:root:start time-lapse: number of pictures 5  every 0.2 second(s)
INFO:root:Difference: 0.000442708333333
INFO:root:start time-lapse: number of pictures 5  every 0.2 second(s)
INFO:root:Difference: 0.000686848958333
INFO:root:start time-lapse: number of pictures 5  every 0.2 second(s)
INFO:root:Difference: 0.00118489583333
INFO:root:start time-lapse: number of pictures 5  every 0.2 second(s)
INFO:root:Difference: 0.00046875
INFO:root:start time-lapse: number of pictures 5  every 0.2 second(s)
INFO:root:Difference: 0.0142578125
INFO:root:start time-lapse: number of pictures 5  every 0.2 second(s)
INFO:root:Difference: 0.00764322916667
INFO:root:start time-lapse: number of pictures 5  every 0.2 second(s)
INFO:root:Difference: 0.01134765625
INFO:root:start time-lapse: number of pictures 5  every 0.2 second(s)
INFO:root:Difference: 0.00643229166667
INFO:root:start time-lapse: number of pictures 5  every 0.2 second(s)
INFO:root:Difference: 0.0016015625
INFO:root:start time-lapse: number of pictures 5  every 0.2 second(s)
INFO:root:Difference: 0.0463313802083
INFO:root:start time-lapse: number of pictures 5  every 0.2 second(s)
INFO:root:Difference: 0.0103841145833
INFO:root:start time-lapse: number of pictures 5  every 0.2 second(s)
INFO:root:Difference: 0.00527669270833
INFO:root:start time-lapse: number of pictures 5  every 0.2 second(s)
INFO:root:Difference: 0.00185221354167
INFO:root:start time-lapse: number of pictures 5  every 0.2 second(s)
INFO:root:Difference: 0.0040234375
INFO:root:start time-lapse: number of pictures 5  every 0.2 second(s)
INFO:root:Difference: 0.0488606770833
INFO:root:start time-lapse: number of pictures 5  every 0.2 second(s)
INFO:root:Difference: 0.0281477864583
INFO:root:start time-lapse: number of pictures 5  every 0.2 second(s)
INFO:root:Difference: 0.00953125
INFO:root:start time-lapse: number of pictures 5  every 0.2 second(s)
INFO:root:Difference: 3.25520833333e-06
INFO:root:no difference, wait for 5 seconds
INFO:root:Difference: 0.00571614583333
INFO:root:start time-lapse: number of pictures 5  every 0.2 second(s)
INFO:root:Difference: 0.000130208333333
INFO:root:start time-lapse: number of pictures 5  every 0.2 second(s)
INFO:root:Difference: 0.000133463541667
INFO:root:start time-lapse: number of pictures 5  every 0.2 second(s)
INFO:root:Difference: 0.0
INFO:root:no difference, wait for 5 seconds
INFO:root:Difference: 0.000107421875
INFO:root:start time-lapse: number of pictures 5  every 0.2 second(s)
INFO:root:Difference: 9.765625e-06
INFO:root:no difference, wait for 5 seconds
INFO:root:Difference: 0.00015625
INFO:root:start time-lapse: number of pictures 5  every 0.2 second(s)
INFO:root:Difference: 0.00418619791667
INFO:root:start time-lapse: number of pictures 5  every 0.2 second(s)
INFO:root:Difference: 0.00238932291667
INFO:root:start time-lapse: number of pictures 5  every 0.2 second(s)
INFO:root:Difference: 0.0
INFO:root:no difference, wait for 5 seconds
INFO:root:Difference: 0.00162434895833
INFO:root:start time-lapse: number of pictures 5  every 0.2 second(s)
INFO:root:Difference: 0.00180338541667
INFO:root:start time-lapse: number of pictures 5  every 0.2 second(s)
INFO:root:Difference: 0.00317708333333
INFO:root:start time-lapse: number of pictures 5  every 0.2 second(s)
INFO:root:Difference: 0.00165364583333
INFO:root:start time-lapse: number of pictures 5  every 0.2 second(s)
INFO:root:Difference: 0.0046484375
INFO:root:start time-lapse: number of pictures 5  every 0.2 second(s)
INFO:root:Difference: 0.000921223958333
INFO:root:start time-lapse: number of pictures 5  every 0.2 second(s)
INFO:root:Difference: 0.0
INFO:root:no difference, wait for 5 seconds
INFO:root:Difference: 0.0
INFO:root:no difference, wait for 5 seconds
INFO:root:Difference: 0.00131510416667
INFO:root:start time-lapse: number of pictures 5  every 0.2 second(s)
INFO:root:Difference: 0.0014453125
INFO:root:start time-lapse: number of pictures 5  every 0.2 second(s)
INFO:root:Difference: 0.0
INFO:root:no difference, wait for 5 seconds
INFO:root:Difference: 0.00771158854167
INFO:root:start time-lapse: number of pictures 5  every 0.2 second(s)
INFO:root:Difference: 0.00818684895833
INFO:root:start time-lapse: number of pictures 5  every 0.2 second(s)
INFO:root:Difference: 0.00306315104167
INFO:root:start time-lapse: number of pictures 5  every 0.2 second(s)
INFO:root:Difference: 0.015517578125
INFO:root:start time-lapse: number of pictures 5  every 0.2 second(s)
INFO:root:Difference: 0.0165559895833
INFO:root:start time-lapse: number of pictures 5  every 0.2 second(s)
INFO:root:Difference: 0.0256315104167
INFO:root:start time-lapse: number of pictures 5  every 0.2 second(s)
INFO:root:Difference: 0.0248372395833
INFO:root:start time-lapse: number of pictures 5  every 0.2 second(s)
INFO:root:Difference: 0.0189908854167
INFO:root:start time-lapse: number of pictures 5  every 0.2 second(s)
INFO:root:Difference: 0.009072265625
INFO:root:start time-lapse: number of pictures 5  every 0.2 second(s)
INFO:root:Difference: 0.00267903645833
INFO:root:start time-lapse: number of pictures 5  every 0.2 second(s)
INFO:root:Difference: 0.00630859375
INFO:root:start time-lapse: number of pictures 5  every 0.2 second(s)
INFO:root:Difference: 0.0178678385417
INFO:root:start time-lapse: number of pictures 5  every 0.2 second(s)
INFO:root:Difference: 0.0144791666667
INFO:root:start time-lapse: number of pictures 5  every 0.2 second(s)
INFO:root:Difference: 0.00270182291667
INFO:root:start time-lapse: number of pictures 5  every 0.2 second(s)
INFO:root:Difference: 0.0187174479167
INFO:root:start time-lapse: number of pictures 5  every 0.2 second(s)
INFO:root:Difference: 0.0211328125
INFO:root:start time-lapse: number of pictures 5  every 0.2 second(s)
INFO:root:Difference: 0.00100260416667
INFO:root:start time-lapse: number of pictures 5  every 0.2 second(s)
INFO:root:Difference: 0.00303059895833
INFO:root:start time-lapse: number of pictures 5  every 0.2 second(s)
INFO:root:Difference: 3.25520833333e-06
INFO:root:no difference, wait for 5 seconds
INFO:root:Difference: 0.00239908854167
INFO:root:start time-lapse: number of pictures 5  every 0.2 second(s)
INFO:root:Difference: 0.007216796875
INFO:root:start time-lapse: number of pictures 5  every 0.2 second(s)
INFO:root:Difference: 0.01177734375
INFO:root:start time-lapse: number of pictures 5  every 0.2 second(s)
INFO:root:Difference: 0.014072265625
INFO:root:start time-lapse: number of pictures 5  every 0.2 second(s)
INFO:root:Difference: 0.000289713541667
INFO:root:start time-lapse: number of pictures 5  every 0.2 second(s)
INFO:root:Difference: 0.0125227864583
INFO:root:start time-lapse: number of pictures 5  every 0.2 second(s)
INFO:root:Difference: 0.00909505208333
INFO:root:start time-lapse: number of pictures 5  every 0.2 second(s)
INFO:root:Difference: 0.01798828125
INFO:root:start time-lapse: number of pictures 5  every 0.2 second(s)
INFO:root:Difference: 0.0358430989583
INFO:root:start time-lapse: number of pictures 5  every 0.2 second(s)
INFO:root:Difference: 0.00597005208333
INFO:root:start time-lapse: number of pictures 5  every 0.2 second(s)
INFO:root:Difference: 0.000172526041667
INFO:root:start time-lapse: number of pictures 5  every 0.2 second(s)
INFO:root:Difference: 0.00145833333333
INFO:root:start time-lapse: number of pictures 5  every 0.2 second(s)
INFO:root:Difference: 0.0
INFO:root:no difference, wait for 5 seconds
INFO:root:Difference: 0.0103515625
INFO:root:start time-lapse: number of pictures 5  every 0.2 second(s)
INFO:root:Difference: 0.006015625
INFO:root:start time-lapse: number of pictures 5  every 0.2 second(s)
INFO:root:Difference: 0.0139615885417
INFO:root:start time-lapse: number of pictures 5  every 0.2 second(s)
INFO:root:Difference: 0.0106477864583
INFO:root:start time-lapse: number of pictures 5  every 0.2 second(s)
INFO:root:Difference: 3.25520833333e-05
INFO:root:no difference, wait for 5 seconds
INFO:root:Difference: 0.0
INFO:root:no difference, wait for 5 seconds
INFO:root:Difference: 0.0
INFO:root:no difference, wait for 5 seconds
INFO:root:Difference: 0.0
INFO:root:no difference, wait for 5 seconds
INFO:root:Difference: 0.0
INFO:root:no difference, wait for 5 seconds
INFO:root:Difference: 0.0
INFO:root:no difference, wait for 5 seconds
INFO:root:Difference: 0.0
INFO:root:no difference, wait for 5 seconds
INFO:root:Difference: 0.0
INFO:root:no difference, wait for 5 seconds
INFO:root:Difference: 0.0
INFO:root:no difference, wait for 5 seconds
INFO:root:Difference: 0.0
INFO:root:no difference, wait for 5 seconds
INFO:root:Difference: 0.0
INFO:root:no difference, wait for 5 seconds
INFO:root:Difference: 0.0
INFO:root:no difference, wait for 5 seconds
INFO:root:Difference: 0.0
INFO:root:no difference, wait for 5 seconds
INFO:root:Difference: 0.0
INFO:root:no difference, wait for 5 seconds
INFO:root:Difference: 0.00240559895833
INFO:root:start time-lapse: number of pictures 5  every 0.2 second(s)
INFO:root:Difference: 0.00347005208333
INFO:root:start time-lapse: number of pictures 5  every 0.2 second(s)
INFO:root:Difference: 0.036865234375
INFO:root:start time-lapse: number of pictures 5  every 0.2 second(s)
INFO:root:Difference: 0.01193359375
INFO:root:start time-lapse: number of pictures 5  every 0.2 second(s)
INFO:root:Difference: 0.00347981770833
INFO:root:start time-lapse: number of pictures 5  every 0.2 second(s)
INFO:root:Difference: 0.00269205729167
INFO:root:start time-lapse: number of pictures 5  every 0.2 second(s)
INFO:root:Difference: 0.004970703125
INFO:root:start time-lapse: number of pictures 5  every 0.2 second(s)
INFO:root:Difference: 0.00337239583333
INFO:root:start time-lapse: number of pictures 5  every 0.2 second(s)
INFO:root:Difference: 0.003466796875
INFO:root:start time-lapse: number of pictures 5  every 0.2 second(s)
INFO:root:Difference: 0.003720703125
INFO:root:start time-lapse: number of pictures 5  every 0.2 second(s)
INFO:root:Difference: 0.00375
INFO:root:start time-lapse: number of pictures 5  every 0.2 second(s)
INFO:root:Difference: 0.0063671875
INFO:root:start time-lapse: number of pictures 5  every 0.2 second(s)
INFO:root:Difference: 0.000390625
INFO:root:start time-lapse: number of pictures 5  every 0.2 second(s)
INFO:root:Difference: 7.16145833333e-05
INFO:root:no difference, wait for 5 seconds
INFO:root:Difference: 0.000846354166667
INFO:root:start time-lapse: number of pictures 5  every 0.2 second(s)
INFO:root:Difference: 0.000817057291667
INFO:root:start time-lapse: number of pictures 5  every 0.2 second(s)
INFO:root:Difference: 0.000169270833333
INFO:root:start time-lapse: number of pictures 5  every 0.2 second(s)
INFO:root:Difference: 0.000865885416667
INFO:root:start time-lapse: number of pictures 5  every 0.2 second(s)
